#
# There is insufficient memory for the Java Runtime Environment to continue.
# Native memory allocation (malloc) failed to allocate 32784 bytes for Chunk::new
# Possible reasons:
#   The system is out of physical RAM or swap space
#   In 32 bit mode, the process size limit was hit
# Possible solutions:
#   Reduce memory load on the system
#   Increase physical memory or swap space
#   Check if swap backing store is full
#   Use 64 bit Java on a 64 bit OS
#   Decrease Java heap size (-Xmx/-Xms)
#   Decrease number of Java threads
#   Decrease Java thread stack sizes (-Xss)
#   Set larger code cache with -XX:ReservedCodeCacheSize=
# This output file may be truncated or incomplete.
#
#  Out of Memory Error (allocation.cpp:323), pid=538424, tid=506688
#
# JRE version: Java(TM) SE Runtime Environment (7.0_71-b14) (build 1.7.0_71-b14)
# Java VM: Java HotSpot(TM) 64-Bit Server VM (24.71-b01 mixed mode windows-amd64 compressed oops)
# Failed to write core dump. Minidumps are not enabled by default on client versions of Windows
#

---------------  T H R E A D  ---------------

Current thread (0x0000000008dc6800):  JavaThread "C2 CompilerThread0" daemon [_thread_in_native, id=506688, stack(0x000000000b3f0000,0x000000000b4f0000)]

Stack: [0x000000000b3f0000,0x000000000b4f0000]
[error occurred during error reporting (printing stack bounds), id 0xc0000005]


[error occurred during error reporting (printing native stack), id 0xc0000005]


Current CompileTask:
C2:   3006  193             com.android.dx.ssa.SCCP::run (298 bytes)


---------------  P R O C E S S  ---------------

Java Threads: ( => current thread )
  0x0000000009d64800 JavaThread "Service Thread" daemon [_thread_blocked, id=476760, stack(0x000000000b7f0000,0x000000000b8f0000)]
  0x0000000008dcb000 JavaThread "C2 CompilerThread1" daemon [_thread_blocked, id=513252, stack(0x000000000b650000,0x000000000b750000)]
=>0x0000000008dc6800 JavaThread "C2 CompilerThread0" daemon [_thread_in_native, id=506688, stack(0x000000000b3f0000,0x000000000b4f0000)]
  0x0000000008dc5800 JavaThread "Attach Listener" daemon [_thread_blocked, id=534912, stack(0x000000000b270000,0x000000000b370000)]
  0x0000000008dc5000 JavaThread "Signal Dispatcher" daemon [_thread_blocked, id=484808, stack(0x000000000b160000,0x000000000b260000)]
  0x0000000008db1000 JavaThread "Finalizer" daemon [_thread_blocked, id=537760, stack(0x000000000ada0000,0x000000000aea0000)]
  0x00000000025a9800 JavaThread "Reference Handler" daemon [_thread_blocked, id=511828, stack(0x000000000aee0000,0x000000000afe0000)]
  0x0000000002518000 JavaThread "main" [_thread_in_Java, id=542404, stack(0x00000000026f0000,0x00000000027f0000)]

Other Threads:
  0x0000000009d13800 VMThread [stack: 0x000000000aca0000,0x000000000ada0000] [id=538940]
  0x0000000009d6d800 WatcherThread [stack: 0x000000000b010000,0x000000000b110000] [id=462648]

VM state:not at safepoint (normal execution)

VM Mutex/Monitor currently owned by a thread: None

Heap
 PSYoungGen      total 75264K, used 27135K [0x00000000eaa80000, 0x00000000efe80000, 0x0000000100000000)
  eden space 64512K, 42% used [0x00000000eaa80000,0x00000000ec4fffe8,0x00000000ee980000)
  from space 10752K, 0% used [0x00000000ef400000,0x00000000ef400000,0x00000000efe80000)
  to   space 10752K, 0% used [0x00000000ee980000,0x00000000ee980000,0x00000000ef400000)
 ParOldGen       total 171008K, used 0K [0x00000000c0000000, 0x00000000ca700000, 0x00000000eaa80000)
  object space 171008K, 0% used [0x00000000c0000000,0x00000000c0000000,0x00000000ca700000)
 PSPermGen       total 21504K, used 5488K [0x00000000bae00000, 0x00000000bc300000, 0x00000000c0000000)
  object space 21504K, 25% used [0x00000000bae00000,0x00000000bb35c228,0x00000000bc300000)

Card table byte_map: [0x00000000057f0000,0x0000000005a20000] byte_map_base: 0x0000000005219000

Polling page: 0x0000000000230000

Code Cache  [0x00000000027f0000, 0x0000000002a60000, 0x00000000057f0000)
 total_blobs=438 nmethods=204 adapters=186 free_code_cache=48337Kb largest_free_block=49465536

Compilation events (10 events):
Event: 2.561 Thread 0x0000000008dcb000  201             com.android.dx.ssa.SsaBasicBlock::forEachPhiInsn (54 bytes)
Event: 2.569 Thread 0x0000000008dcb000 nmethod 201 0x00000000028b8b50 code [0x00000000028b8ce0, 0x00000000028b90a8]
Event: 2.569 Thread 0x0000000008dcb000  202             com.android.dx.ssa.PhiInsn::predBlocksForReg (73 bytes)
Event: 2.613 Thread 0x0000000008dcb000 nmethod 202 0x00000000028b6050 code [0x00000000028b61e0, 0x00000000028b66d8]
Event: 2.963 Thread 0x0000000008dcb000  203             java.util.ArrayList$SubList::checkForComodification (23 bytes)
Event: 2.964 Thread 0x0000000008dcb000 nmethod 203 0x00000000028b9750 code [0x00000000028b9880, 0x00000000028b98f8]
Event: 2.964 Thread 0x0000000008dcb000  204             com.android.dx.rop.code.Rop::isCallLike (5 bytes)
Event: 2.964 Thread 0x0000000008dcb000 nmethod 204 0x00000000028b5e50 code [0x00000000028b5f80, 0x00000000028b5fd8]
Event: 2.971 Thread 0x0000000008dcb000  205             com.android.dx.rop.code.RegisterSpecSet::intersect (117 bytes)
Event: 2.983 Thread 0x0000000008dcb000 nmethod 205 0x00000000028b9dd0 code [0x00000000028b9f60, 0x00000000028ba7b8]

GC Heap History (0 events):
No events

Deoptimization events (7 events):
Event: 1.283 Thread 0x0000000002518000 Uncommon trap: reason=null_check action=make_not_entrant pc=0x00000000028696cc method=com.android.dx.rop.code.LocalItem.equals(Ljava/lang/Object;)Z @ 1
Event: 1.323 Thread 0x0000000002518000 Uncommon trap: reason=class_check action=maybe_recompile pc=0x00000000028666c0 method=com.android.dx.ssa.NormalSsaInsn.accept(Lcom/android/dx/ssa/SsaInsn$Visitor;)V @ 9
Event: 1.323 Thread 0x0000000002518000 Uncommon trap: reason=class_check action=maybe_recompile pc=0x00000000028666c0 method=com.android.dx.ssa.NormalSsaInsn.accept(Lcom/android/dx/ssa/SsaInsn$Visitor;)V @ 9
Event: 1.323 Thread 0x0000000002518000 Uncommon trap: reason=class_check action=maybe_recompile pc=0x00000000028666c0 method=com.android.dx.ssa.NormalSsaInsn.accept(Lcom/android/dx/ssa/SsaInsn$Visitor;)V @ 9
Event: 1.325 Thread 0x0000000002518000 Uncommon trap: reason=class_check action=maybe_recompile pc=0x00000000028666c0 method=com.android.dx.ssa.NormalSsaInsn.accept(Lcom/android/dx/ssa/SsaInsn$Visitor;)V @ 9
Event: 1.730 Thread 0x0000000002518000 Uncommon trap: reason=null_check action=make_not_entrant pc=0x0000000002872c7c method=com.android.dx.ssa.SsaRenamer.getLocalForNewReg(I)Lcom/android/dx/rop/code/LocalItem; @ 19
Event: 1.885 Thread 0x0000000002518000 Uncommon trap: reason=unreached action=reinterpret pc=0x0000000002882884 method=com.android.dx.rop.cst.Constant.compareTo(Lcom/android/dx/rop/cst/Constant;)I @ 12

Internal exceptions (10 events):
Event: 1.045 Thread 0x0000000002518000 Threw 0x00000000eb34c720 at C:\re\jdk7u71\1605\hotspot\src\share\vm\prims\jvm.cpp:1281
Event: 1.110 Thread 0x0000000002518000 Threw 0x00000000eb4025a0 at C:\re\jdk7u71\1605\hotspot\src\share\vm\prims\jvm.cpp:1281
Event: 1.111 Thread 0x0000000002518000 Threw 0x00000000eb405a50 at C:\re\jdk7u71\1605\hotspot\src\share\vm\prims\jvm.cpp:1281
Event: 1.113 Thread 0x0000000002518000 Threw 0x00000000eb40bdb0 at C:\re\jdk7u71\1605\hotspot\src\share\vm\prims\jvm.cpp:1281
Event: 1.127 Thread 0x0000000002518000 Threw 0x00000000eb442ad8 at C:\re\jdk7u71\1605\hotspot\src\share\vm\prims\jvm.cpp:1281
Event: 1.229 Thread 0x0000000002518000 Threw 0x00000000eb52c2f0 at C:\re\jdk7u71\1605\hotspot\src\share\vm\prims\jvm.cpp:1281
Event: 1.277 Thread 0x0000000002518000 Threw 0x00000000eb5ad568 at C:\re\jdk7u71\1605\hotspot\src\share\vm\prims\jvm.cpp:1281
Event: 1.283 Thread 0x0000000002518000 Implicit null exception at 0x00000000028692d5 to 0x00000000028696b9
Event: 1.730 Thread 0x0000000002518000 Implicit null exception at 0x0000000002872133 to 0x0000000002872c61
Event: 2.049 Thread 0x0000000002518000 Threw 0x00000000ebff7680 at C:\re\jdk7u71\1605\hotspot\src\share\vm\prims\jvm.cpp:1281

Events (10 events):
Event: 1.415 loading class 0x0000000008c00090
Event: 1.415 loading class 0x0000000008c00090 done
Event: 1.730 Thread 0x0000000002518000 Uncommon trap: trap_request=0xfffffff4 fr.pc=0x0000000002872c7c
Event: 1.730 Thread 0x0000000002518000 DEOPT PACKING pc=0x0000000002872c7c sp=0x00000000027ee900
Event: 1.730 Thread 0x0000000002518000 DEOPT UNPACKING pc=0x00000000028275a4 sp=0x00000000027ee6f8 mode 2
Event: 1.885 Thread 0x0000000002518000 Uncommon trap: trap_request=0xffffffad fr.pc=0x0000000002882884
Event: 1.885 Thread 0x0000000002518000 DEOPT PACKING pc=0x0000000002882884 sp=0x00000000027ee620
Event: 1.885 Thread 0x0000000002518000 DEOPT UNPACKING pc=0x00000000028275a4 sp=0x00000000027ee5c0 mode 2
Event: 2.048 loading class 0x0000000009f0d310
Event: 2.048 loading class 0x0000000009f0d310 done


Dynamic libraries:
0x000000013fe40000 - 0x000000013fe73000 	C:\Program Files\Java\jdk1.7.0_71\bin\java.exe
0x0000000077330000 - 0x00000000774d9000 	C:\Windows\SYSTEM32\ntdll.dll
0x0000000077110000 - 0x000000007722f000 	C:\Windows\system32\kernel32.dll
0x000007fefd1d0000 - 0x000007fefd23c000 	C:\Windows\system32\KERNELBASE.dll
0x000007feff500000 - 0x000007feff5db000 	C:\Windows\system32\ADVAPI32.dll
0x000007fefde20000 - 0x000007fefdebf000 	C:\Windows\system32\msvcrt.dll
0x000007fefdb30000 - 0x000007fefdb4f000 	C:\Windows\SYSTEM32\sechost.dll
0x000007feff2f0000 - 0x000007feff41d000 	C:\Windows\system32\RPCRT4.dll
0x0000000077230000 - 0x000000007732a000 	C:\Windows\system32\USER32.dll
0x000007fefef80000 - 0x000007fefefe7000 	C:\Windows\system32\GDI32.dll
0x000007fefdb20000 - 0x000007fefdb2e000 	C:\Windows\system32\LPK.dll
0x000007fefda20000 - 0x000007fefdae9000 	C:\Windows\system32\USP10.dll
0x000007fefbb20000 - 0x000007fefbd14000 	C:\Windows\WinSxS\amd64_microsoft.windows.common-controls_6595b64144ccf1df_6.0.7601.18837_none_fa3b1e3d17594757\COMCTL32.dll
0x000007fefd700000 - 0x000007fefd771000 	C:\Windows\system32\SHLWAPI.dll
0x000007fefdaf0000 - 0x000007fefdb1e000 	C:\Windows\system32\IMM32.DLL
0x000007fefd780000 - 0x000007fefd889000 	C:\Windows\system32\MSCTF.dll
0x000007fefd010000 - 0x000007fefd050000 	C:\Windows\system32\nvinitx.dll
0x00000000540d0000 - 0x00000000541a2000 	C:\Program Files\Java\jdk1.7.0_71\jre\bin\msvcr100.dll
0x000000006ea60000 - 0x000000006f233000 	C:\Program Files\Java\jdk1.7.0_71\jre\bin\server\jvm.dll
0x000007fef0b50000 - 0x000007fef0b59000 	C:\Windows\system32\WSOCK32.dll
0x000007fefef30000 - 0x000007fefef7d000 	C:\Windows\system32\WS2_32.dll
0x000007fefec50000 - 0x000007fefec58000 	C:\Windows\system32\NSI.dll
0x000007fefa760000 - 0x000007fefa79b000 	C:\Windows\system32\WINMM.dll
0x00000000774f0000 - 0x00000000774f7000 	C:\Windows\system32\PSAPI.DLL
0x0000000060540000 - 0x000000006054f000 	C:\Program Files\Java\jdk1.7.0_71\jre\bin\verify.dll
0x0000000059b10000 - 0x0000000059b38000 	C:\Program Files\Java\jdk1.7.0_71\jre\bin\java.dll
0x000000005a3d0000 - 0x000000005a3e5000 	C:\Program Files\Java\jdk1.7.0_71\jre\bin\zip.dll
0x000000005a3b0000 - 0x000000005a3c9000 	C:\Program Files\Java\jdk1.7.0_71\jre\bin\net.dll
0x000007fefc970000 - 0x000007fefc9c5000 	C:\Windows\system32\mswsock.dll
0x000007fefcad0000 - 0x000007fefcad7000 	C:\Windows\System32\wship6.dll
0x0000000059af0000 - 0x0000000059b01000 	C:\Program Files\Java\jdk1.7.0_71\jre\bin\nio.dll

VM Arguments:
jvm_args: -Xmx1024M -Dfile.encoding=windows-1252 -Duser.country=US -Duser.language=en -Duser.variant 
java_command: com.android.dx.command.Main --dex --output C:\Users\sjayaram\AndroidStudioProjects\capstone\app\build\intermediates\pre-dexed\debug\android-async-http-1.4.9-1cb0824c9ced6e8d87ff17bb6f2aa74d928de182.jar C:\Users\sjayaram\.gradle\caches\modules-2\files-2.1\com.loopj.android\android-async-http\1.4.9\386a4339ffe52d5d63e80f9bed8d2b1d1a418249\android-async-http-1.4.9.jar
Launcher Type: SUN_STANDARD

Environment Variables:



---------------  S Y S T E M  ---------------

OS: Windows 7 , 64 bit Build 7601 Service Pack 1

CPU:total 8 (4 cores per cpu, 2 threads per core) family 6 model 60 stepping 3, cmov, cx8, fxsr, mmx, sse, sse2, sse3, ssse3, sse4.1, sse4.2, popcnt, avx, avx2, aes, erms, ht, tsc, tscinvbit

Memory: 4k page, physical 16457324k(2572196k free), swap 16455484k(5040k free)

vm_info: Java HotSpot(TM) 64-Bit Server VM (24.71-b01) for windows-amd64 JRE (1.7.0_71-b14), built on Sep 26 2014 16:16:12 by "java_re" with unknown MS VC++:1600

time: Sat Oct 24 12:33:06 2015
elapsed time: 3 seconds

