#
# There is insufficient memory for the Java Runtime Environment to continue.
# Native memory allocation (malloc) failed to allocate 32784 bytes for Chunk::new
# Possible reasons:
#   The system is out of physical RAM or swap space
#   In 32 bit mode, the process size limit was hit
# Possible solutions:
#   Reduce memory load on the system
#   Increase physical memory or swap space
#   Check if swap backing store is full
#   Use 64 bit Java on a 64 bit OS
#   Decrease Java heap size (-Xmx/-Xms)
#   Decrease number of Java threads
#   Decrease Java thread stack sizes (-Xss)
#   Set larger code cache with -XX:ReservedCodeCacheSize=
# This output file may be truncated or incomplete.
#
#  Out of Memory Error (allocation.cpp:323), pid=527244, tid=436912
#
# JRE version: Java(TM) SE Runtime Environment (7.0_71-b14) (build 1.7.0_71-b14)
# Java VM: Java HotSpot(TM) 64-Bit Server VM (24.71-b01 mixed mode windows-amd64 compressed oops)
# Failed to write core dump. Minidumps are not enabled by default on client versions of Windows
#

---------------  T H R E A D  ---------------

Current thread (0x0000000008c0f000):  JavaThread "C2 CompilerThread1" daemon [_thread_in_native, id=436912, stack(0x000000000b580000,0x000000000b680000)]

Stack: [0x000000000b580000,0x000000000b680000]
[error occurred during error reporting (printing stack bounds), id 0xc0000005]


[error occurred during error reporting (printing native stack), id 0xc0000005]


Current CompileTask:
C2:   3025  216             com.android.dx.ssa.SsaBasicBlock::newFromRop (183 bytes)


---------------  P R O C E S S  ---------------

Java Threads: ( => current thread )
  0x0000000009dc4800 JavaThread "Service Thread" daemon [_thread_blocked, id=533708, stack(0x000000000b720000,0x000000000b820000)]
=>0x0000000008c0f000 JavaThread "C2 CompilerThread1" daemon [_thread_in_native, id=436912, stack(0x000000000b580000,0x000000000b680000)]
  0x0000000008c06800 JavaThread "C2 CompilerThread0" daemon [_thread_in_native, id=486328, stack(0x000000000b400000,0x000000000b500000)]
  0x0000000008c05800 JavaThread "Attach Listener" daemon [_thread_blocked, id=481728, stack(0x000000000b170000,0x000000000b270000)]
  0x0000000008c05000 JavaThread "Signal Dispatcher" daemon [_thread_blocked, id=545444, stack(0x000000000af70000,0x000000000b070000)]
  0x0000000008bf0800 JavaThread "Finalizer" daemon [_thread_blocked, id=485764, stack(0x000000000b070000,0x000000000b170000)]
  0x0000000002469800 JavaThread "Reference Handler" daemon [_thread_blocked, id=423296, stack(0x000000000ade0000,0x000000000aee0000)]
  0x00000000023d8000 JavaThread "main" [_thread_in_Java, id=526600, stack(0x0000000002600000,0x0000000002700000)]

Other Threads:
  0x0000000009d73800 VMThread [stack: 0x000000000acc0000,0x000000000adc0000] [id=479580]
  0x0000000009dcd800 WatcherThread [stack: 0x000000000b8b0000,0x000000000b9b0000] [id=526524]

VM state:not at safepoint (normal execution)

VM Mutex/Monitor currently owned by a thread: None

Heap
 PSYoungGen      total 75264K, used 29694K [0x00000000eaa80000, 0x00000000efe80000, 0x0000000100000000)
  eden space 64512K, 46% used [0x00000000eaa80000,0x00000000ec77f948,0x00000000ee980000)
  from space 10752K, 0% used [0x00000000ef400000,0x00000000ef400000,0x00000000efe80000)
  to   space 10752K, 0% used [0x00000000ee980000,0x00000000ee980000,0x00000000ef400000)
 ParOldGen       total 171008K, used 0K [0x00000000c0000000, 0x00000000ca700000, 0x00000000eaa80000)
  object space 171008K, 0% used [0x00000000c0000000,0x00000000c0000000,0x00000000ca700000)
 PSPermGen       total 21504K, used 5513K [0x00000000bae00000, 0x00000000bc300000, 0x00000000c0000000)
  object space 21504K, 25% used [0x00000000bae00000,0x00000000bb362500,0x00000000bc300000)

Card table byte_map: [0x0000000005700000,0x0000000005930000] byte_map_base: 0x0000000005129000

Polling page: 0x0000000000430000

Code Cache  [0x0000000002700000, 0x0000000002970000, 0x0000000005700000)
 total_blobs=449 nmethods=215 adapters=186 free_code_cache=48239Kb largest_free_block=49366464

Compilation events (10 events):
Event: 2.939 Thread 0x0000000008c0f000  212             com.android.dx.ssa.SsaRenamer::access$000 (5 bytes)
Event: 2.940 Thread 0x0000000008c0f000 nmethod 212 0x0000000002780e50 code [0x0000000002780f80, 0x0000000002780fd8]
Event: 2.941 Thread 0x0000000008c06800  213             com.android.dx.rop.code.Rop::isCallLike (5 bytes)
Event: 2.941 Thread 0x0000000008c06800 nmethod 213 0x00000000027cad90 code [0x00000000027caec0, 0x00000000027caf18]
Event: 2.947 Thread 0x0000000008c0f000  214             java.lang.String::<init> (67 bytes)
Event: 2.949 Thread 0x0000000008c06800  215             com.android.dx.ssa.back.IdenticalBlockCombiner::process (323 bytes)
Event: 2.951 Thread 0x0000000008c0f000 nmethod 214 0x00000000027cb4d0 code [0x00000000027cb620, 0x00000000027cb898]
Event: 3.000 Thread 0x0000000008c06800 nmethod 215 0x00000000027e8690 code [0x00000000027e8960, 0x00000000027e9c38]
Event: 3.005 Thread 0x0000000008c0f000  216             com.android.dx.ssa.SsaBasicBlock::newFromRop (183 bytes)
Event: 3.016 Thread 0x0000000008c06800  217   !         com.android.dx.rop.type.Type::intern (319 bytes)

GC Heap History (0 events):
No events

Deoptimization events (3 events):
Event: 1.544 Thread 0x00000000023d8000 Uncommon trap: reason=null_check action=make_not_entrant pc=0x00000000027878dc method=com.android.dx.rop.code.LocalItem.equals(Ljava/lang/Object;)Z @ 1
Event: 2.316 Thread 0x00000000023d8000 Uncommon trap: reason=null_check action=make_not_entrant pc=0x00000000027b6a50 method=com.android.dx.rop.code.RegisterSpec.equals(Ljava/lang/Object;)Z @ 1
Event: 2.441 Thread 0x00000000023d8000 Uncommon trap: reason=null_check action=make_not_entrant pc=0x00000000027b16fc method=com.android.dx.rop.type.Type.putIntern(Lcom/android/dx/rop/type/Type;)Lcom/android/dx/rop/type/Type; @ 18

Internal exceptions (10 events):
Event: 1.394 Thread 0x00000000023d8000 Threw 0x00000000eb7483a8 at C:\re\jdk7u71\1605\hotspot\src\share\vm\prims\jvm.cpp:1281
Event: 1.395 Thread 0x00000000023d8000 Threw 0x00000000eb74ad20 at C:\re\jdk7u71\1605\hotspot\src\share\vm\prims\jvm.cpp:1281
Event: 1.395 Thread 0x00000000023d8000 Threw 0x00000000eb74dc68 at C:\re\jdk7u71\1605\hotspot\src\share\vm\prims\jvm.cpp:1281
Event: 1.405 Thread 0x00000000023d8000 Threw 0x00000000eb77e1f8 at C:\re\jdk7u71\1605\hotspot\src\share\vm\prims\jvm.cpp:1281
Event: 1.406 Thread 0x00000000023d8000 Threw 0x00000000eb7838e8 at C:\re\jdk7u71\1605\hotspot\src\share\vm\prims\jvm.cpp:1281
Event: 1.544 Thread 0x00000000023d8000 Implicit null exception at 0x00000000027874f8 to 0x00000000027878c9
Event: 2.316 Thread 0x00000000023d8000 Implicit null exception at 0x00000000027b59e2 to 0x00000000027b6a21
Event: 2.440 Thread 0x00000000023d8000 Implicit null exception at 0x00000000027b0feb to 0x00000000027b16ed
Event: 2.448 Thread 0x00000000023d8000 Threw 0x00000000ec29a048 at C:\re\jdk7u71\1605\hotspot\src\share\vm\prims\jvm.cpp:1281
Event: 2.450 Thread 0x00000000023d8000 Threw 0x00000000ec29ff00 at C:\re\jdk7u71\1605\hotspot\src\share\vm\prims\jvm.cpp:1281

Events (10 events):
Event: 2.441 Thread 0x00000000023d8000 DEOPT PACKING pc=0x00000000027b16fc sp=0x00000000026fe8b0
Event: 2.441 Thread 0x00000000023d8000 DEOPT UNPACKING pc=0x00000000027375a4 sp=0x00000000026fe7d0 mode 2
Event: 2.448 loading class 0x0000000009fca940
Event: 2.448 loading class 0x0000000009fca940 done
Event: 2.450 loading class 0x0000000009faf6d0
Event: 2.450 loading class 0x0000000009faf6d0 done
Event: 2.451 loading class 0x0000000008a40f40
Event: 2.452 loading class 0x0000000008a40f40 done
Event: 2.452 loading class 0x0000000008a40f10
Event: 2.452 loading class 0x0000000008a40f10 done


Dynamic libraries:
0x000000013fe40000 - 0x000000013fe73000 	C:\Program Files\Java\jdk1.7.0_71\bin\java.exe
0x0000000077330000 - 0x00000000774d9000 	C:\Windows\SYSTEM32\ntdll.dll
0x0000000077110000 - 0x000000007722f000 	C:\Windows\system32\kernel32.dll
0x000007fefd1d0000 - 0x000007fefd23c000 	C:\Windows\system32\KERNELBASE.dll
0x000007feff500000 - 0x000007feff5db000 	C:\Windows\system32\ADVAPI32.dll
0x000007fefde20000 - 0x000007fefdebf000 	C:\Windows\system32\msvcrt.dll
0x000007fefdb30000 - 0x000007fefdb4f000 	C:\Windows\SYSTEM32\sechost.dll
0x000007feff2f0000 - 0x000007feff41d000 	C:\Windows\system32\RPCRT4.dll
0x0000000077230000 - 0x000000007732a000 	C:\Windows\system32\USER32.dll
0x000007fefef80000 - 0x000007fefefe7000 	C:\Windows\system32\GDI32.dll
0x000007fefdb20000 - 0x000007fefdb2e000 	C:\Windows\system32\LPK.dll
0x000007fefda20000 - 0x000007fefdae9000 	C:\Windows\system32\USP10.dll
0x000007fefbb20000 - 0x000007fefbd14000 	C:\Windows\WinSxS\amd64_microsoft.windows.common-controls_6595b64144ccf1df_6.0.7601.18837_none_fa3b1e3d17594757\COMCTL32.dll
0x000007fefd700000 - 0x000007fefd771000 	C:\Windows\system32\SHLWAPI.dll
0x000007fefdaf0000 - 0x000007fefdb1e000 	C:\Windows\system32\IMM32.DLL
0x000007fefd780000 - 0x000007fefd889000 	C:\Windows\system32\MSCTF.dll
0x000007fefd010000 - 0x000007fefd050000 	C:\Windows\system32\nvinitx.dll
0x00000000540d0000 - 0x00000000541a2000 	C:\Program Files\Java\jdk1.7.0_71\jre\bin\msvcr100.dll
0x000000006ea60000 - 0x000000006f233000 	C:\Program Files\Java\jdk1.7.0_71\jre\bin\server\jvm.dll
0x000007fef0b50000 - 0x000007fef0b59000 	C:\Windows\system32\WSOCK32.dll
0x000007fefef30000 - 0x000007fefef7d000 	C:\Windows\system32\WS2_32.dll
0x000007fefec50000 - 0x000007fefec58000 	C:\Windows\system32\NSI.dll
0x000007fefa760000 - 0x000007fefa79b000 	C:\Windows\system32\WINMM.dll
0x00000000774f0000 - 0x00000000774f7000 	C:\Windows\system32\PSAPI.DLL
0x0000000060540000 - 0x000000006054f000 	C:\Program Files\Java\jdk1.7.0_71\jre\bin\verify.dll
0x0000000059b10000 - 0x0000000059b38000 	C:\Program Files\Java\jdk1.7.0_71\jre\bin\java.dll
0x000000005a3d0000 - 0x000000005a3e5000 	C:\Program Files\Java\jdk1.7.0_71\jre\bin\zip.dll
0x000000005a3b0000 - 0x000000005a3c9000 	C:\Program Files\Java\jdk1.7.0_71\jre\bin\net.dll
0x000007fefc970000 - 0x000007fefc9c5000 	C:\Windows\system32\mswsock.dll
0x000007fefcad0000 - 0x000007fefcad7000 	C:\Windows\System32\wship6.dll
0x0000000059af0000 - 0x0000000059b01000 	C:\Program Files\Java\jdk1.7.0_71\jre\bin\nio.dll

VM Arguments:
jvm_args: -Xmx1024M -Dfile.encoding=windows-1252 -Duser.country=US -Duser.language=en -Duser.variant 
java_command: com.android.dx.command.Main --dex --output C:\Users\sjayaram\AndroidStudioProjects\capstone\app\build\intermediates\pre-dexed\debug\httpclient-4.3.6-92d1b16ff6118a179e59cbe661a989bc0fbec4bb.jar C:\Users\sjayaram\.gradle\caches\modules-2\files-2.1\cz.msebera.android\httpclient\4.3.6\526a9f794eab830eae4f23a62c572878b3f491ab\httpclient-4.3.6.jar
Launcher Type: SUN_STANDARD

Environment Variables:



---------------  S Y S T E M  ---------------

OS: Windows 7 , 64 bit Build 7601 Service Pack 1

CPU:total 8 (4 cores per cpu, 2 threads per core) family 6 model 60 stepping 3, cmov, cx8, fxsr, mmx, sse, sse2, sse3, ssse3, sse4.1, sse4.2, popcnt, avx, avx2, aes, erms, ht, tsc, tscinvbit

Memory: 4k page, physical 16457324k(2572196k free), swap 16455484k(5040k free)

vm_info: Java HotSpot(TM) 64-Bit Server VM (24.71-b01) for windows-amd64 JRE (1.7.0_71-b14), built on Sep 26 2014 16:16:12 by "java_re" with unknown MS VC++:1600

time: Sat Oct 24 12:33:06 2015
elapsed time: 3 seconds

