#
# There is insufficient memory for the Java Runtime Environment to continue.
# Native memory allocation (malloc) failed to allocate 1071376 bytes for Chunk::new
# Possible reasons:
#   The system is out of physical RAM or swap space
#   In 32 bit mode, the process size limit was hit
# Possible solutions:
#   Reduce memory load on the system
#   Increase physical memory or swap space
#   Check if swap backing store is full
#   Use 64 bit Java on a 64 bit OS
#   Decrease Java heap size (-Xmx/-Xms)
#   Decrease number of Java threads
#   Decrease Java thread stack sizes (-Xss)
#   Set larger code cache with -XX:ReservedCodeCacheSize=
# This output file may be truncated or incomplete.
#
#  Out of Memory Error (allocation.cpp:323), pid=533076, tid=459444
#
# JRE version: Java(TM) SE Runtime Environment (7.0_71-b14) (build 1.7.0_71-b14)
# Java VM: Java HotSpot(TM) 64-Bit Server VM (24.71-b01 mixed mode windows-amd64 compressed oops)
# Failed to write core dump. Minidumps are not enabled by default on client versions of Windows
#

---------------  T H R E A D  ---------------

Current thread (0x0000000008dfa000):  JavaThread "C2 CompilerThread1" daemon [_thread_in_native, id=459444, stack(0x000000000b460000,0x000000000b560000)]

Stack: [0x000000000b460000,0x000000000b560000]
[error occurred during error reporting (printing stack bounds), id 0xc0000005]


Current CompileTask:
C2:   2971  259             com.android.dx.ssa.SsaMethod::forEachBlockDepthFirstDom (128 bytes)


---------------  P R O C E S S  ---------------

Java Threads: ( => current thread )
  0x0000000009d90000 JavaThread "Service Thread" daemon [_thread_blocked, id=476652, stack(0x000000000b600000,0x000000000b700000)]
=>0x0000000008dfa000 JavaThread "C2 CompilerThread1" daemon [_thread_in_native, id=459444, stack(0x000000000b460000,0x000000000b560000)]
  0x0000000008df5800 JavaThread "C2 CompilerThread0" daemon [_thread_in_native, id=470828, stack(0x000000000af80000,0x000000000b080000)]
  0x0000000008df4800 JavaThread "Attach Listener" daemon [_thread_blocked, id=465052, stack(0x000000000b1f0000,0x000000000b2f0000)]
  0x0000000008df3800 JavaThread "Signal Dispatcher" daemon [_thread_blocked, id=542276, stack(0x000000000b330000,0x000000000b430000)]
  0x0000000008de0800 JavaThread "Finalizer" daemon [_thread_blocked, id=530772, stack(0x000000000b080000,0x000000000b180000)]
  0x00000000023e9800 JavaThread "Reference Handler" daemon [_thread_blocked, id=519140, stack(0x000000000ae50000,0x000000000af50000)]
  0x0000000002358000 JavaThread "main" [_thread_in_Java, id=535456, stack(0x00000000027a0000,0x00000000028a0000)]

Other Threads:
  0x0000000009d43800 VMThread [stack: 0x000000000ad10000,0x000000000ae10000] [id=458880]
  0x0000000009d9c800 WatcherThread [stack: 0x000000000b830000,0x000000000b930000] [id=466776]

VM state:not at safepoint (normal execution)

VM Mutex/Monitor currently owned by a thread: None

Heap
 PSYoungGen      total 75264K, used 49304K [0x00000000eaa80000, 0x00000000efe80000, 0x0000000100000000)
  eden space 64512K, 76% used [0x00000000eaa80000,0x00000000edaa60e0,0x00000000ee980000)
  from space 10752K, 0% used [0x00000000ef400000,0x00000000ef400000,0x00000000efe80000)
  to   space 10752K, 0% used [0x00000000ee980000,0x00000000ee980000,0x00000000ef400000)
 ParOldGen       total 171008K, used 0K [0x00000000c0000000, 0x00000000ca700000, 0x00000000eaa80000)
  object space 171008K, 0% used [0x00000000c0000000,0x00000000c0000000,0x00000000ca700000)
 PSPermGen       total 21504K, used 5588K [0x00000000bae00000, 0x00000000bc300000, 0x00000000c0000000)
  object space 21504K, 25% used [0x00000000bae00000,0x00000000bb3752f0,0x00000000bc300000)

Card table byte_map: [0x00000000058a0000,0x0000000005ad0000] byte_map_base: 0x00000000052c9000

Polling page: 0x0000000000230000

Code Cache  [0x00000000028a0000, 0x0000000002b10000, 0x00000000058a0000)
 total_blobs=506 nmethods=272 adapters=186 free_code_cache=48078Kb largest_free_block=49193472

Compilation events (10 events):
Event: 2.824 Thread 0x0000000008df5800 nmethod 268 0x0000000002999810 code [0x0000000002999940, 0x00000000029999f8]
Event: 2.824 Thread 0x0000000008df5800  269             com.android.dx.rop.code.CstInsn::<init> (31 bytes)
Event: 2.825 Thread 0x0000000008df5800 nmethod 269 0x000000000299df90 code [0x000000000299e0e0, 0x000000000299e218]
Event: 2.825 Thread 0x0000000008df5800  270             com.android.dx.ssa.SsaBasicBlock::getDomChildren (5 bytes)
Event: 2.825 Thread 0x0000000008df5800 nmethod 270 0x000000000299dd90 code [0x000000000299dec0, 0x000000000299df18]
Event: 2.825 Thread 0x0000000008df5800  271             com.android.dx.ssa.SsaMethod$2::visitNonMoveInsn (6 bytes)
Event: 2.826 Thread 0x0000000008df5800 nmethod 271 0x000000000299db50 code [0x000000000299dca0, 0x000000000299dd08]
Event: 2.826 Thread 0x0000000008df5800  272             com.android.dx.cf.code.BasicBlocker::getBlockList (208 bytes)
Event: 2.856 Thread 0x0000000008df5800 nmethod 272 0x00000000029b42d0 code [0x00000000029b44c0, 0x00000000029b5258]
Event: 2.857 Thread 0x0000000008df5800  273   !         com.android.dx.cf.code.BytecodeArray::parseInstruction (2764 bytes)

GC Heap History (0 events):
No events

Deoptimization events (10 events):
Event: 1.060 Thread 0x0000000002358000 Uncommon trap: reason=bimorphic action=maybe_recompile pc=0x0000000002912f4c method=java.util.HashMap.getEntry(Ljava/lang/Object;)Ljava/util/HashMap$Entry; @ 68
Event: 1.076 Thread 0x0000000002358000 Uncommon trap: reason=bimorphic action=maybe_recompile pc=0x0000000002912f4c method=java.util.HashMap.getEntry(Ljava/lang/Object;)Ljava/util/HashMap$Entry; @ 68
Event: 1.087 Thread 0x0000000002358000 Uncommon trap: reason=bimorphic action=maybe_recompile pc=0x0000000002912f4c method=java.util.HashMap.getEntry(Ljava/lang/Object;)Ljava/util/HashMap$Entry; @ 68
Event: 1.088 Thread 0x0000000002358000 Uncommon trap: reason=bimorphic action=maybe_recompile pc=0x0000000002912f4c method=java.util.HashMap.getEntry(Ljava/lang/Object;)Ljava/util/HashMap$Entry; @ 68
Event: 1.167 Thread 0x0000000002358000 Uncommon trap: reason=class_check action=maybe_recompile pc=0x000000000290f76c method=com.android.dx.ssa.NormalSsaInsn.accept(Lcom/android/dx/ssa/SsaInsn$Visitor;)V @ 9
Event: 1.197 Thread 0x0000000002358000 Uncommon trap: reason=null_check action=make_not_entrant pc=0x000000000291f258 method=com.android.dx.rop.code.LocalItem.equals(Ljava/lang/Object;)Z @ 1
Event: 1.888 Thread 0x0000000002358000 Uncommon trap: reason=null_check action=make_not_entrant pc=0x0000000002951ffc method=com.android.dx.rop.code.RegisterSpec.equals(Ljava/lang/Object;)Z @ 1
Event: 2.112 Thread 0x0000000002358000 Uncommon trap: reason=unreached action=reinterpret pc=0x0000000002958a60 method=com.android.dx.ssa.SsaRenamer$BlockRenamer.process()V @ 90
Event: 2.209 Thread 0x0000000002358000 Uncommon trap: reason=unreached action=reinterpret pc=0x00000000029269c4 method=com.android.dx.rop.cst.Constant.compareTo(Lcom/android/dx/rop/cst/Constant;)I @ 12
Event: 2.849 Thread 0x0000000002358000 Uncommon trap: reason=unreached action=reinterpret pc=0x00000000029611f8 method=com.android.dx.ssa.SCCP.simulateBranch(Lcom/android/dx/ssa/SsaInsn;)V @ 132

Internal exceptions (10 events):
Event: 1.130 Thread 0x0000000002358000 Threw 0x00000000eb438670 at C:\re\jdk7u71\1605\hotspot\src\share\vm\prims\jvm.cpp:1281
Event: 1.197 Thread 0x0000000002358000 Implicit null exception at 0x000000000291ee59 to 0x000000000291f245
Event: 1.277 Thread 0x0000000002358000 Threw 0x00000000eb5ba730 at C:\re\jdk7u71\1605\hotspot\src\share\vm\prims\jvm.cpp:1281
Event: 1.587 Thread 0x0000000002358000 Threw 0x00000000eba9b8b0 at C:\re\jdk7u71\1605\hotspot\src\share\vm\prims\jvm.cpp:1281
Event: 1.589 Thread 0x0000000002358000 Threw 0x00000000ebaa56d8 at C:\re\jdk7u71\1605\hotspot\src\share\vm\prims\jvm.cpp:1281
Event: 1.590 Thread 0x0000000002358000 Threw 0x00000000ebaa7af8 at C:\re\jdk7u71\1605\hotspot\src\share\vm\prims\jvm.cpp:1281
Event: 1.645 Thread 0x0000000002358000 Threw 0x00000000ebb738a0 at C:\re\jdk7u71\1605\hotspot\src\share\vm\prims\jvm.cpp:1281
Event: 1.888 Thread 0x0000000002358000 Implicit null exception at 0x0000000002950fa2 to 0x0000000002951fcd
Event: 2.310 Thread 0x0000000002358000 Threw 0x00000000ec8644c8 at C:\re\jdk7u71\1605\hotspot\src\share\vm\prims\jvm.cpp:1281
Event: 2.849 Thread 0x0000000002358000 Threw 0x00000000ed65b718 at C:\re\jdk7u71\1605\hotspot\src\share\vm\prims\jvm.cpp:1281

Events (10 events):
Event: 2.209 Thread 0x0000000002358000 Uncommon trap: trap_request=0xffffffad fr.pc=0x00000000029269c4
Event: 2.209 Thread 0x0000000002358000 DEOPT PACKING pc=0x00000000029269c4 sp=0x000000000289e8f0
Event: 2.209 Thread 0x0000000002358000 DEOPT UNPACKING pc=0x00000000028d75a4 sp=0x000000000289e890 mode 2
Event: 2.310 loading class 0x0000000009ec5100
Event: 2.310 loading class 0x0000000009ec5100 done
Event: 2.849 Thread 0x0000000002358000 Uncommon trap: trap_request=0xffffffad fr.pc=0x00000000029611f8
Event: 2.849 Thread 0x0000000002358000 DEOPT PACKING pc=0x00000000029611f8 sp=0x000000000289eca0
Event: 2.849 Thread 0x0000000002358000 DEOPT UNPACKING pc=0x00000000028d75a4 sp=0x000000000289ec18 mode 2
Event: 2.849 loading class 0x0000000009f0b600
Event: 2.849 loading class 0x0000000009f0b600 done


Dynamic libraries:
0x000000013fe40000 - 0x000000013fe73000 	C:\Program Files\Java\jdk1.7.0_71\bin\java.exe
0x0000000077330000 - 0x00000000774d9000 	C:\Windows\SYSTEM32\ntdll.dll
0x0000000077110000 - 0x000000007722f000 	C:\Windows\system32\kernel32.dll
0x000007fefd1d0000 - 0x000007fefd23c000 	C:\Windows\system32\KERNELBASE.dll
0x000007feff500000 - 0x000007feff5db000 	C:\Windows\system32\ADVAPI32.dll
0x000007fefde20000 - 0x000007fefdebf000 	C:\Windows\system32\msvcrt.dll
0x000007fefdb30000 - 0x000007fefdb4f000 	C:\Windows\SYSTEM32\sechost.dll
0x000007feff2f0000 - 0x000007feff41d000 	C:\Windows\system32\RPCRT4.dll
0x0000000077230000 - 0x000000007732a000 	C:\Windows\system32\USER32.dll
0x000007fefef80000 - 0x000007fefefe7000 	C:\Windows\system32\GDI32.dll
0x000007fefdb20000 - 0x000007fefdb2e000 	C:\Windows\system32\LPK.dll
0x000007fefda20000 - 0x000007fefdae9000 	C:\Windows\system32\USP10.dll
0x000007fefbb20000 - 0x000007fefbd14000 	C:\Windows\WinSxS\amd64_microsoft.windows.common-controls_6595b64144ccf1df_6.0.7601.18837_none_fa3b1e3d17594757\COMCTL32.dll
0x000007fefd700000 - 0x000007fefd771000 	C:\Windows\system32\SHLWAPI.dll
0x000007fefdaf0000 - 0x000007fefdb1e000 	C:\Windows\system32\IMM32.DLL
0x000007fefd780000 - 0x000007fefd889000 	C:\Windows\system32\MSCTF.dll
0x000007fefd010000 - 0x000007fefd050000 	C:\Windows\system32\nvinitx.dll
0x00000000540d0000 - 0x00000000541a2000 	C:\Program Files\Java\jdk1.7.0_71\jre\bin\msvcr100.dll
0x000000006ea60000 - 0x000000006f233000 	C:\Program Files\Java\jdk1.7.0_71\jre\bin\server\jvm.dll
0x000007fef0b50000 - 0x000007fef0b59000 	C:\Windows\system32\WSOCK32.dll
0x000007fefef30000 - 0x000007fefef7d000 	C:\Windows\system32\WS2_32.dll
0x000007fefec50000 - 0x000007fefec58000 	C:\Windows\system32\NSI.dll
0x000007fefa760000 - 0x000007fefa79b000 	C:\Windows\system32\WINMM.dll
0x00000000774f0000 - 0x00000000774f7000 	C:\Windows\system32\PSAPI.DLL
0x0000000060540000 - 0x000000006054f000 	C:\Program Files\Java\jdk1.7.0_71\jre\bin\verify.dll
0x0000000059b10000 - 0x0000000059b38000 	C:\Program Files\Java\jdk1.7.0_71\jre\bin\java.dll
0x000000005a3d0000 - 0x000000005a3e5000 	C:\Program Files\Java\jdk1.7.0_71\jre\bin\zip.dll
0x000000005a3b0000 - 0x000000005a3c9000 	C:\Program Files\Java\jdk1.7.0_71\jre\bin\net.dll
0x000007fefc970000 - 0x000007fefc9c5000 	C:\Windows\system32\mswsock.dll
0x000007fefcad0000 - 0x000007fefcad7000 	C:\Windows\System32\wship6.dll
0x0000000059af0000 - 0x0000000059b01000 	C:\Program Files\Java\jdk1.7.0_71\jre\bin\nio.dll

VM Arguments:
jvm_args: -Xmx1024M -Dfile.encoding=windows-1252 -Duser.country=US -Duser.language=en -Duser.variant 
java_command: com.android.dx.command.Main --dex --output C:\Users\sjayaram\AndroidStudioProjects\capstone\app\build\intermediates\pre-dexed\debug\classes-51b50c48df800f54701d11b0823a945f176171fa.jar C:\Users\sjayaram\AndroidStudioProjects\capstone\app\build\intermediates\exploded-aar\com.android.support\appcompat-v7\22.2.0\classes.jar
Launcher Type: SUN_STANDARD

Environment Variables:
CLASSPATH=.;C:\Program Files\Java\jdk1.7.0_71\lib\dt.jar;C:\Program Files\Java\jdk1.7.0_71\lib\tools.jar;C:\cygwin64\home\sjayaram\gcm\smack-4.0.0-SNAPSHOT-2014-04-06\libs\*;
PATH=C:\Python27\;C:\Python27\Scripts;C:\Windows\system32;C:\Windows;C:\Windows\System32\Wbem;C:\Windows\System32\WindowsPowerShell\v1.0\;C:\Program Files\Lenovo\Fingerprint Manager Pro\;C:\Program Files (x86)\Shoreline Communications\ShoreWare Client\;C:\Program Files (x86)\Shoreline Communications\ShoreWare Client\win64;C:\Program Files (x86)\Intel\OpenCL SDK\3.0\bin\x86;C:\Program Files (x86)\Intel\OpenCL SDK\3.0\bin\x64;C:\Program Files\Intel\WiFi\bin\;C:\Program Files\Common Files\Intel\WirelessCommon\;C:\Program Files\Microsoft\Web Platform Installer\;C:\Program Files (x86)\Microsoft ASP.NET\ASP.NET Web Pages\v1.0\;C:\Program Files (x86)\Windows Kits\8.0\Windows Performance Toolkit\;C:\Program Files\Microsoft SQL Server\110\Tools\Binn\;C:\Program Files (x86)\Microsoft SQL Server\100\Tools\Binn\;C:\Program Files\Microsoft SQL Server\100\Tools\Binn\;C:\Program Files\Microsoft SQL Server\100\DTS\Binn\;C:\Program Files (x86)\Microsoft SQL Server\100\Tools\Binn\VSShell\Common7\IDE\;C:\Program Files (x86)\Microsoft Visual Studio 9.0\Common7\IDE\PrivateAssemblies\;C:\Program Files (x86)\Microsoft SQL Server\100\DTS\Binn\;C:\Program Files (x86)\Microsoft SQL Server\90\Tools\binn\;C:\Program Files\nodejs\;C:\HashiCorp\Vagrant\bin;C:\Program Files (x86)\Skype\Phone\;C:\Users\sjayaram\AppData\Roaming\Dashlane\3.5.0.89717\bin\Firefox_Extension\{442718d9-475e-452a-b3e1-fb1ee16b8e9f}\components;C:\Users\sjayaram\AppData\Roaming\Dashlane\3.5.2.91147\bin\Firefox_Extension\{442718d9-475e-452a-b3e1-fb1ee16b8e9f}\components
USERNAME=sjayaram
OS=Windows_NT
PROCESSOR_IDENTIFIER=Intel64 Family 6 Model 60 Stepping 3, GenuineIntel



---------------  S Y S T E M  ---------------

OS: Windows 7 , 64 bit Build 7601 Service Pack 1

CPU:total 8 (4 cores per cpu, 2 threads per core) family 6 model 60 stepping 3, cmov, cx8, fxsr, mmx, sse, sse2, sse3, ssse3, sse4.1, sse4.2, popcnt, avx, avx2, aes, erms, ht, tsc, tscinvbit

Memory: 4k page, physical 16457324k(2575404k free), swap 16455484k(5432k free)

vm_info: Java HotSpot(TM) 64-Bit Server VM (24.71-b01) for windows-amd64 JRE (1.7.0_71-b14), built on Sep 26 2014 16:16:12 by "java_re" with unknown MS VC++:1600

time: Sat Oct 24 12:33:06 2015
elapsed time: 2 seconds

